<?xml version="1.0" encoding="UTF-8"?>
<testsuites name="JIMMS" time="120.827" tests="4" failures="0" errors="0">
   <testsuite name="JIMMS" tests="4" failures="0" errors="0" time="120.827" skipped="0" timestamp="17-05-2025T11:46:46" hostname="Cadangan 2 - DESKTOP-8FOE31T" id="Test Suites/JIMMS">
      <properties>
         <property name="deviceName" value=""/>
         <property name="devicePlatform"/>
         <property name="logFolder" value="C:\\Users\\Cadangan 2\\git\\Katalon_JIMMS\\Reports\\20250517_114636\\JIMMS\\20250517_114636"/>
         <property name="logFiles" value="C:\\Users\\Cadangan 2\\git\\Katalon_JIMMS\\Reports\\20250517_114636\\JIMMS\\20250517_114636\\execution0.log"/>
         <property name="attachments" value=""/>
         <property name="hostName" value="Cadangan 2 - DESKTOP-8FOE31T"/>
         <property name="os" value="Windows 10 64bit"/>
         <property name="katalonVersion" value="10.1.1.0"/>
         <property name="browser" value="Firefox 138.0.1"/>
         <property name="hostAddress" value="192.168.100.20"/>
         <property name="sessionId" value="b88cdd72-ccf3-4521-8a8c-e067143f0af5"/>
         <property name="seleniumVersion" value="4.22.0"/>
         <property name="proxyInformation" value="ProxyInformation { proxyOption=NO_PROXY, proxyServerType=HTTP, username=, password=********, proxyServerAddress=, proxyServerPort=0, executionList=&quot;&quot;, isApplyToDesiredCapabilities=true }"/>
         <property name="platform" value="Windows 10"/>
      </properties>
      <testcase name="Test Cases/TC01-Login success with user and password valid" time="24.996" classname="Test Cases/TC01-Login success with user and password valid" status="PASSED">
         <system-out><![CDATA[17-05-2025T11:46:46 - [TEST_CASE][PASSED] - Test Cases/TC01-Login success with user and password valid: Test Cases/TC01-Login success with user and password valid

17-05-2025T11:46:47 - [TEST_STEP][PASSED] - openBrowser(""): Browser is opened with url: ''

17-05-2025T11:46:48 - [MESSAGE][INFO] - Starting 'Firefox' driver

17-05-2025T11:46:48 - [MESSAGE][INFO] - Action delay is set to 0 milliseconds

17-05-2025T11:46:58 - [MESSAGE][PASSED] - Browser is opened with url: ''

17-05-2025T11:46:58 - [TEST_STEP][PASSED] - navigateToUrl("https://test-qa.jasamarga.co.id/login"): Navigate to 'https://test-qa.jasamarga.co.id/login' successfully

17-05-2025T11:47:01 - [MESSAGE][PASSED] - Navigate to 'https://test-qa.jasamarga.co.id/login' successfully

17-05-2025T11:47:01 - [TEST_STEP][PASSED] - setText(findTestObject("Page_JIMMS - Sign In/input_Username"), "admin"): Text 'admin' is set on object 'Object Repository/Page_JIMMS - Sign In/input_Username'

17-05-2025T11:47:02 - [MESSAGE][PASSED] - Text 'admin' is set on object 'Object Repository/Page_JIMMS - Sign In/input_Username'

17-05-2025T11:47:02 - [TEST_STEP][PASSED] - setText(findTestObject("Page_JIMMS - Sign In/input_Password"), "123"): Text '123' is set on object 'Object Repository/Page_JIMMS - Sign In/input_Password'

17-05-2025T11:47:03 - [MESSAGE][PASSED] - Text '123' is set on object 'Object Repository/Page_JIMMS - Sign In/input_Password'

17-05-2025T11:47:03 - [TEST_STEP][PASSED] - click(findTestObject("Page_JIMMS - Sign In/button_Login")): Object: 'Object Repository/Page_JIMMS - Sign In/button_Login' is clicked on

17-05-2025T11:47:04 - [MESSAGE][PASSED] - Object: 'Object Repository/Page_JIMMS - Sign In/button_Login' is clicked on

17-05-2025T11:47:04 - [TEST_STEP][PASSED] - verifyElementPresent(findTestObject("Page_JIMMS - Dashboard/img_JIMMS"), 5): Object 'Object Repository/Page_JIMMS - Dashboard/img_JIMMS' is present

17-05-2025T11:47:08 - [MESSAGE][PASSED] - Object 'Object Repository/Page_JIMMS - Dashboard/img_JIMMS' is present

17-05-2025T11:47:08 - [TEST_STEP][PASSED] - click(findTestObject("Page_JIMMS - Dashboard/button__profile")): Object: 'Object Repository/Page_JIMMS - Dashboard/button__profile' is clicked on

17-05-2025T11:47:08 - [MESSAGE][PASSED] - Object: 'Object Repository/Page_JIMMS - Dashboard/button__profile' is clicked on

17-05-2025T11:47:08 - [TEST_STEP][PASSED] - click(findTestObject("Page_JIMMS - Dashboard/button_Log out")): Object: 'Object Repository/Page_JIMMS - Dashboard/button_Log out' is clicked on

17-05-2025T11:47:09 - [MESSAGE][PASSED] - Object: 'Object Repository/Page_JIMMS - Dashboard/button_Log out' is clicked on

17-05-2025T11:47:09 - [TEST_STEP][PASSED] - closeBrowser(): Browser is closed

17-05-2025T11:47:11 - [MESSAGE][PASSED] - Browser is closed]]></system-out>
         <system-err><![CDATA[]]></system-err>
      </testcase>
      <testcase name="Test Cases/TC02-Login fail with user and password not valid" time="17.419" classname="Test Cases/TC02-Login fail with user and password not valid" status="PASSED">
         <system-out><![CDATA[17-05-2025T11:47:11 - [TEST_CASE][PASSED] - Test Cases/TC02-Login fail with user and password not valid: Test Cases/TC02-Login fail with user and password not valid

17-05-2025T11:47:12 - [TEST_STEP][PASSED] - openBrowser(""): Browser is opened with url: ''

17-05-2025T11:47:12 - [MESSAGE][INFO] - Starting 'Firefox' driver

17-05-2025T11:47:12 - [MESSAGE][INFO] - Action delay is set to 0 milliseconds

17-05-2025T11:47:20 - [MESSAGE][PASSED] - Browser is opened with url: ''

17-05-2025T11:47:20 - [TEST_STEP][PASSED] - navigateToUrl("https://test-qa.jasamarga.co.id/login"): Navigate to 'https://test-qa.jasamarga.co.id/login' successfully

17-05-2025T11:47:24 - [MESSAGE][PASSED] - Navigate to 'https://test-qa.jasamarga.co.id/login' successfully

17-05-2025T11:47:24 - [TEST_STEP][PASSED] - setText(findTestObject("Page_JIMMS - Sign In/input_Username"), "Admin"): Text 'Admin' is set on object 'Object Repository/Page_JIMMS - Sign In/input_Username'

17-05-2025T11:47:25 - [MESSAGE][PASSED] - Text 'Admin' is set on object 'Object Repository/Page_JIMMS - Sign In/input_Username'

17-05-2025T11:47:25 - [TEST_STEP][PASSED] - setText(findTestObject("Page_JIMMS - Sign In/input_Password"), "123"): Text '123' is set on object 'Object Repository/Page_JIMMS - Sign In/input_Password'

17-05-2025T11:47:25 - [MESSAGE][PASSED] - Text '123' is set on object 'Object Repository/Page_JIMMS - Sign In/input_Password'

17-05-2025T11:47:25 - [TEST_STEP][PASSED] - click(findTestObject("Page_JIMMS - Sign In/button_Login")): Object: 'Object Repository/Page_JIMMS - Sign In/button_Login' is clicked on

17-05-2025T11:47:26 - [MESSAGE][PASSED] - Object: 'Object Repository/Page_JIMMS - Sign In/button_Login' is clicked on

17-05-2025T11:47:26 - [TEST_STEP][PASSED] - verifyElementPresent(findTestObject("Page_JIMMS - Sign In/validation_gagallogin"), 0): Object 'Object Repository/Page_JIMMS - Sign In/validation_gagallogin' is present

17-05-2025T11:47:26 - [MESSAGE][WARNING] - Timeout '0' is invalid. Using default page load timeout: '30'

17-05-2025T11:47:27 - [MESSAGE][PASSED] - Object 'Object Repository/Page_JIMMS - Sign In/validation_gagallogin' is present

17-05-2025T11:47:27 - [TEST_STEP][PASSED] - closeBrowser(): Browser is closed

17-05-2025T11:47:29 - [MESSAGE][PASSED] - Browser is closed]]></system-out>
         <system-err><![CDATA[]]></system-err>
      </testcase>
      <testcase name="Test Cases/TC03-Success add master data" time="43.187" classname="Test Cases/TC03-Success add master data" status="PASSED">
         <system-out><![CDATA[17-05-2025T11:47:29 - [TEST_CASE][PASSED] - Test Cases/TC03-Success add master data: Test Cases/TC03-Success add master data

17-05-2025T11:47:29 - [TEST_STEP][PASSED] - openBrowser(""): Browser is opened with url: ''

17-05-2025T11:47:29 - [MESSAGE][INFO] - Starting 'Firefox' driver

17-05-2025T11:47:29 - [MESSAGE][INFO] - Action delay is set to 0 milliseconds

17-05-2025T11:47:36 - [MESSAGE][PASSED] - Browser is opened with url: ''

17-05-2025T11:47:36 - [TEST_STEP][PASSED] - navigateToUrl("https://test-qa.jasamarga.co.id/login"): Navigate to 'https://test-qa.jasamarga.co.id/login' successfully

17-05-2025T11:47:40 - [MESSAGE][PASSED] - Navigate to 'https://test-qa.jasamarga.co.id/login' successfully

17-05-2025T11:47:40 - [TEST_STEP][PASSED] - setText(findTestObject("Page_JIMMS - Sign In/input_Username"), "admin"): Text 'admin' is set on object 'Object Repository/Page_JIMMS - Sign In/input_Username'

17-05-2025T11:47:41 - [MESSAGE][PASSED] - Text 'admin' is set on object 'Object Repository/Page_JIMMS - Sign In/input_Username'

17-05-2025T11:47:41 - [TEST_STEP][PASSED] - setText(findTestObject("Page_JIMMS - Sign In/input_Password"), "123"): Text '123' is set on object 'Object Repository/Page_JIMMS - Sign In/input_Password'

17-05-2025T11:47:41 - [MESSAGE][PASSED] - Text '123' is set on object 'Object Repository/Page_JIMMS - Sign In/input_Password'

17-05-2025T11:47:42 - [TEST_STEP][PASSED] - click(findTestObject("Page_JIMMS - Sign In/button_Login")): Object: 'Object Repository/Page_JIMMS - Sign In/button_Login' is clicked on

17-05-2025T11:47:42 - [MESSAGE][PASSED] - Object: 'Object Repository/Page_JIMMS - Sign In/button_Login' is clicked on

17-05-2025T11:47:42 - [TEST_STEP][PASSED] - click(findTestObject("Page_JIMMS - Dashboard/button_settings")): Object: 'Object Repository/Page_JIMMS - Dashboard/button_settings' is clicked on

17-05-2025T11:47:46 - [MESSAGE][PASSED] - Object: 'Object Repository/Page_JIMMS - Dashboard/button_settings' is clicked on

17-05-2025T11:47:46 - [TEST_STEP][PASSED] - click(findTestObject("Page_JIMMS - Dashboard/master_data")): Object: 'Object Repository/Page_JIMMS - Dashboard/master_data' is clicked on

17-05-2025T11:47:46 - [MESSAGE][PASSED] - Object: 'Object Repository/Page_JIMMS - Dashboard/master_data' is clicked on

17-05-2025T11:47:46 - [TEST_STEP][PASSED] - click(findTestObject("Page_JIMMS - Dashboard/ruas")): Object: 'Object Repository/Page_JIMMS - Dashboard/ruas' is clicked on

17-05-2025T11:47:47 - [MESSAGE][PASSED] - Object: 'Object Repository/Page_JIMMS - Dashboard/ruas' is clicked on

17-05-2025T11:47:47 - [TEST_STEP][PASSED] - delay(5): Delayed 5 second(s)

17-05-2025T11:47:53 - [MESSAGE][PASSED] - Delayed 5 second(s)

17-05-2025T11:47:53 - [TEST_STEP][PASSED] - click(findTestObject("Page_JIMMS - Ruas/add_data")): Object: 'Object Repository/Page_JIMMS - Ruas/add_data' is clicked on

17-05-2025T11:47:54 - [MESSAGE][PASSED] - Object: 'Object Repository/Page_JIMMS - Ruas/add_data' is clicked on

17-05-2025T11:47:54 - [TEST_STEP][PASSED] - setText(findTestObject("Page_JIMMS - Ruas/1 input_Ruas"), "Katalon Arliandru 1.2"): Text 'Katalon Arliandru 1.2' is set on object 'Object Repository/Page_JIMMS - Ruas/1 input_Ruas'

17-05-2025T11:47:57 - [MESSAGE][PASSED] - Text 'Katalon Arliandru 1.2' is set on object 'Object Repository/Page_JIMMS - Ruas/1 input_Ruas'

17-05-2025T11:47:57 - [TEST_STEP][PASSED] - click(findTestObject("Page_JIMMS - Ruas/2 input_Unit Kerja"), STOP_ON_FAILURE): Object: 'Object Repository/Page_JIMMS - Ruas/2 input_Unit Kerja' is clicked on

17-05-2025T11:47:58 - [MESSAGE][PASSED] - Object: 'Object Repository/Page_JIMMS - Ruas/2 input_Unit Kerja' is clicked on

17-05-2025T11:47:58 - [TEST_STEP][PASSED] - click(findTestObject("Page_JIMMS - Ruas/dropdown_Unit IT")): Object: 'Object Repository/Page_JIMMS - Ruas/dropdown_Unit IT' is clicked on

17-05-2025T11:47:58 - [MESSAGE][PASSED] - Object: 'Object Repository/Page_JIMMS - Ruas/dropdown_Unit IT' is clicked on

17-05-2025T11:47:59 - [TEST_STEP][PASSED] - setText(findTestObject("Page_JIMMS - Ruas/3 input_Panjang (km)"), "100"): Text '100' is set on object 'Object Repository/Page_JIMMS - Ruas/3 input_Panjang (km)'

17-05-2025T11:48:00 - [MESSAGE][PASSED] - Text '100' is set on object 'Object Repository/Page_JIMMS - Ruas/3 input_Panjang (km)'

17-05-2025T11:48:00 - [TEST_STEP][PASSED] - setText(findTestObject("Page_JIMMS - Ruas/4 input_km awal"), "350"): Text '350' is set on object 'Object Repository/Page_JIMMS - Ruas/4 input_km awal'

17-05-2025T11:48:01 - [MESSAGE][PASSED] - Text '350' is set on object 'Object Repository/Page_JIMMS - Ruas/4 input_km awal'

17-05-2025T11:48:01 - [TEST_STEP][PASSED] - setText(findTestObject("Page_JIMMS - Ruas/5 input_km akhir"), "450"): Text '450' is set on object 'Object Repository/Page_JIMMS - Ruas/5 input_km akhir'

17-05-2025T11:48:02 - [MESSAGE][PASSED] - Text '450' is set on object 'Object Repository/Page_JIMMS - Ruas/5 input_km akhir'

17-05-2025T11:48:02 - [TEST_STEP][PASSED] - scrollToElement(findTestObject("Page_JIMMS - Ruas/button_Simpan"), 3): Scroll to object 'Object Repository/Page_JIMMS - Ruas/button_Simpan' successfully

17-05-2025T11:48:02 - [MESSAGE][PASSED] - Scroll to object 'Object Repository/Page_JIMMS - Ruas/button_Simpan' successfully

17-05-2025T11:48:02 - [TEST_STEP][PASSED] - click(findTestObject("Page_JIMMS - Ruas/button_Simpan")): Object: 'Object Repository/Page_JIMMS - Ruas/button_Simpan' is clicked on

17-05-2025T11:48:03 - [MESSAGE][PASSED] - Object: 'Object Repository/Page_JIMMS - Ruas/button_Simpan' is clicked on

17-05-2025T11:48:03 - [TEST_STEP][PASSED] - click(findTestObject("Page_JIMMS - Dashboard/button__profile")): Object: 'Object Repository/Page_JIMMS - Dashboard/button__profile' is clicked on

17-05-2025T11:48:09 - [MESSAGE][PASSED] - Object: 'Object Repository/Page_JIMMS - Dashboard/button__profile' is clicked on

17-05-2025T11:48:09 - [TEST_STEP][PASSED] - click(findTestObject("Page_JIMMS - Dashboard/button_Log out")): Object: 'Object Repository/Page_JIMMS - Dashboard/button_Log out' is clicked on

17-05-2025T11:48:09 - [MESSAGE][PASSED] - Object: 'Object Repository/Page_JIMMS - Dashboard/button_Log out' is clicked on

17-05-2025T11:48:09 - [TEST_STEP][PASSED] - closeBrowser(): Browser is closed

17-05-2025T11:48:12 - [MESSAGE][PASSED] - Browser is closed]]></system-out>
         <system-err><![CDATA[]]></system-err>
      </testcase>
      <testcase name="Test Cases/TC04-Fail add master data" time="34.642" classname="Test Cases/TC04-Fail add master data" status="PASSED">
         <system-out><![CDATA[17-05-2025T11:48:12 - [TEST_CASE][PASSED] - Test Cases/TC04-Fail add master data: Test Cases/TC04-Fail add master data

17-05-2025T11:48:12 - [TEST_STEP][PASSED] - openBrowser(""): Browser is opened with url: ''

17-05-2025T11:48:12 - [MESSAGE][INFO] - Starting 'Firefox' driver

17-05-2025T11:48:12 - [MESSAGE][INFO] - Action delay is set to 0 milliseconds

17-05-2025T11:48:20 - [MESSAGE][PASSED] - Browser is opened with url: ''

17-05-2025T11:48:20 - [TEST_STEP][PASSED] - navigateToUrl("https://test-qa.jasamarga.co.id/login"): Navigate to 'https://test-qa.jasamarga.co.id/login' successfully

17-05-2025T11:48:23 - [MESSAGE][PASSED] - Navigate to 'https://test-qa.jasamarga.co.id/login' successfully

17-05-2025T11:48:23 - [TEST_STEP][PASSED] - setText(findTestObject("Page_JIMMS - Sign In/input_Username"), "admin"): Text 'admin' is set on object 'Object Repository/Page_JIMMS - Sign In/input_Username'

17-05-2025T11:48:24 - [MESSAGE][PASSED] - Text 'admin' is set on object 'Object Repository/Page_JIMMS - Sign In/input_Username'

17-05-2025T11:48:24 - [TEST_STEP][PASSED] - setText(findTestObject("Page_JIMMS - Sign In/input_Password"), "123"): Text '123' is set on object 'Object Repository/Page_JIMMS - Sign In/input_Password'

17-05-2025T11:48:25 - [MESSAGE][PASSED] - Text '123' is set on object 'Object Repository/Page_JIMMS - Sign In/input_Password'

17-05-2025T11:48:25 - [TEST_STEP][PASSED] - click(findTestObject("Page_JIMMS - Sign In/button_Login")): Object: 'Object Repository/Page_JIMMS - Sign In/button_Login' is clicked on

17-05-2025T11:48:26 - [MESSAGE][PASSED] - Object: 'Object Repository/Page_JIMMS - Sign In/button_Login' is clicked on

17-05-2025T11:48:26 - [TEST_STEP][PASSED] - click(findTestObject("Page_JIMMS - Dashboard/button_settings")): Object: 'Object Repository/Page_JIMMS - Dashboard/button_settings' is clicked on

17-05-2025T11:48:30 - [MESSAGE][PASSED] - Object: 'Object Repository/Page_JIMMS - Dashboard/button_settings' is clicked on

17-05-2025T11:48:30 - [TEST_STEP][PASSED] - click(findTestObject("Page_JIMMS - Dashboard/master_data")): Object: 'Object Repository/Page_JIMMS - Dashboard/master_data' is clicked on

17-05-2025T11:48:30 - [MESSAGE][PASSED] - Object: 'Object Repository/Page_JIMMS - Dashboard/master_data' is clicked on

17-05-2025T11:48:30 - [TEST_STEP][PASSED] - click(findTestObject("Page_JIMMS - Dashboard/ruas")): Object: 'Object Repository/Page_JIMMS - Dashboard/ruas' is clicked on

17-05-2025T11:48:31 - [MESSAGE][PASSED] - Object: 'Object Repository/Page_JIMMS - Dashboard/ruas' is clicked on

17-05-2025T11:48:31 - [TEST_STEP][PASSED] - delay(5): Delayed 5 second(s)

17-05-2025T11:48:36 - [MESSAGE][PASSED] - Delayed 5 second(s)

17-05-2025T11:48:36 - [TEST_STEP][PASSED] - click(findTestObject("Page_JIMMS - Ruas/add_data")): Object: 'Object Repository/Page_JIMMS - Ruas/add_data' is clicked on

17-05-2025T11:48:37 - [MESSAGE][PASSED] - Object: 'Object Repository/Page_JIMMS - Ruas/add_data' is clicked on

17-05-2025T11:48:37 - [TEST_STEP][PASSED] - setText(findTestObject("Page_JIMMS - Ruas/1 input_Ruas"), ""): Text '' is set on object 'Object Repository/Page_JIMMS - Ruas/1 input_Ruas'

17-05-2025T11:48:38 - [MESSAGE][PASSED] - Text '' is set on object 'Object Repository/Page_JIMMS - Ruas/1 input_Ruas'

17-05-2025T11:48:38 - [TEST_STEP][PASSED] - click(findTestObject("Page_JIMMS - Ruas/2 input_Unit Kerja"), STOP_ON_FAILURE): Object: 'Object Repository/Page_JIMMS - Ruas/2 input_Unit Kerja' is clicked on

17-05-2025T11:48:39 - [MESSAGE][PASSED] - Object: 'Object Repository/Page_JIMMS - Ruas/2 input_Unit Kerja' is clicked on

17-05-2025T11:48:39 - [TEST_STEP][PASSED] - click(findTestObject("Page_JIMMS - Ruas/dropdown_Unit IT")): Object: 'Object Repository/Page_JIMMS - Ruas/dropdown_Unit IT' is clicked on

17-05-2025T11:48:40 - [MESSAGE][PASSED] - Object: 'Object Repository/Page_JIMMS - Ruas/dropdown_Unit IT' is clicked on

17-05-2025T11:48:40 - [TEST_STEP][PASSED] - setText(findTestObject("Page_JIMMS - Ruas/3 input_Panjang (km)"), "100"): Text '100' is set on object 'Object Repository/Page_JIMMS - Ruas/3 input_Panjang (km)'

17-05-2025T11:48:41 - [MESSAGE][PASSED] - Text '100' is set on object 'Object Repository/Page_JIMMS - Ruas/3 input_Panjang (km)'

17-05-2025T11:48:41 - [TEST_STEP][PASSED] - setText(findTestObject("Page_JIMMS - Ruas/4 input_km awal"), "350"): Text '350' is set on object 'Object Repository/Page_JIMMS - Ruas/4 input_km awal'

17-05-2025T11:48:42 - [MESSAGE][PASSED] - Text '350' is set on object 'Object Repository/Page_JIMMS - Ruas/4 input_km awal'

17-05-2025T11:48:42 - [TEST_STEP][PASSED] - setText(findTestObject("Page_JIMMS - Ruas/5 input_km akhir"), "450"): Text '450' is set on object 'Object Repository/Page_JIMMS - Ruas/5 input_km akhir'

17-05-2025T11:48:43 - [MESSAGE][PASSED] - Text '450' is set on object 'Object Repository/Page_JIMMS - Ruas/5 input_km akhir'

17-05-2025T11:48:43 - [TEST_STEP][PASSED] - scrollToElement(findTestObject("Page_JIMMS - Ruas/button_Simpan"), 3): Scroll to object 'Object Repository/Page_JIMMS - Ruas/button_Simpan' successfully

17-05-2025T11:48:43 - [MESSAGE][PASSED] - Scroll to object 'Object Repository/Page_JIMMS - Ruas/button_Simpan' successfully

17-05-2025T11:48:43 - [TEST_STEP][PASSED] - click(findTestObject("Page_JIMMS - Ruas/button_Simpan")): Object: 'Object Repository/Page_JIMMS - Ruas/button_Simpan' is clicked on

17-05-2025T11:48:44 - [MESSAGE][PASSED] - Object: 'Object Repository/Page_JIMMS - Ruas/button_Simpan' is clicked on

17-05-2025T11:48:44 - [TEST_STEP][PASSED] - closeBrowser(): Browser is closed

17-05-2025T11:48:46 - [MESSAGE][PASSED] - Browser is closed]]></system-out>
         <system-err><![CDATA[]]></system-err>
      </testcase>
      <system-out><![CDATA[17-05-2025T11:46:46 - [TEST_SUITE][PASSED] - JIMMS: Test Cases/TC04-Fail add master data]]></system-out>
      <system-err><![CDATA[]]></system-err>
   </testsuite>
</testsuites>
